  20242.cpp
C:\Users\ASUS\OneDrive\Escritorio\Proyecto Compu Grafica\Proyecto-Computacion-Grafica-Equipo-5\Proyecto_Final\include\shader_m.h(44,40): warning C4101: 'e': variable local sin referencia
  (compilando archivo de origen "20242.cpp")
  
C:\Users\ASUS\OneDrive\Escritorio\Proyecto Compu Grafica\Proyecto-Computacion-Grafica-Equipo-5\Proyecto_Final\include\mesh.h(88,50): warning C4267: 'argumento': conversión de 'size_t' a 'GLsizei'; posible pérdida de datos
  (compilando archivo de origen "20242.cpp")
  
C:\Users\ASUS\OneDrive\Escritorio\Proyecto Compu Grafica\Proyecto-Computacion-Grafica-Equipo-5\Proyecto_Final\include\meshAnim.h(116,50): warning C4267: 'argumento': conversión de 'size_t' a 'GLsizei'; posible pérdida de datos
  (compilando archivo de origen "20242.cpp")
  
C:\Users\ASUS\OneDrive\Escritorio\Proyecto Compu Grafica\Proyecto-Computacion-Grafica-Equipo-5\Proyecto_Final\include\modelAnim.h(104,44): warning C4244: '=': conversión de 'double' a 'float'; posible pérdida de datos
  (compilando archivo de origen "20242.cpp")
  
C:\Users\ASUS\OneDrive\Escritorio\Proyecto Compu Grafica\Proyecto-Computacion-Grafica-Equipo-5\Proyecto_Final\include\modelAnim.h(520,24): warning C4244: 'inicializando': conversión de 'double' a 'float'; posible pérdida de datos
  (compilando archivo de origen "20242.cpp")
  
C:\Users\ASUS\OneDrive\Escritorio\Proyecto Compu Grafica\Proyecto-Computacion-Grafica-Equipo-5\Proyecto_Final\20242.cpp(304,27): warning C4244: '=': conversión de 'Uint64' a 'double'; posible pérdida de datos
C:\Users\ASUS\OneDrive\Escritorio\Proyecto Compu Grafica\Proyecto-Computacion-Grafica-Equipo-5\Proyecto_Final\20242.cpp(531,11): warning C4244: '=': conversión de 'double' a 'GLfloat'; posible pérdida de datos
C:\Users\ASUS\OneDrive\Escritorio\Proyecto Compu Grafica\Proyecto-Computacion-Grafica-Equipo-5\Proyecto_Final\20242.cpp(532,11): warning C4244: '=': conversión de 'double' a 'GLfloat'; posible pérdida de datos
C:\Users\ASUS\OneDrive\Escritorio\Proyecto Compu Grafica\Proyecto-Computacion-Grafica-Equipo-5\Proyecto_Final\20242.cpp(539,10): warning C4244: '=': conversión de 'double' a 'GLfloat'; posible pérdida de datos
C:\Users\ASUS\OneDrive\Escritorio\Proyecto Compu Grafica\Proyecto-Computacion-Grafica-Equipo-5\Proyecto_Final\20242.cpp(540,10): warning C4244: '=': conversión de 'double' a 'GLfloat'; posible pérdida de datos
C:\Users\ASUS\OneDrive\Escritorio\Proyecto Compu Grafica\Proyecto-Computacion-Grafica-Equipo-5\Proyecto_Final\20242.cpp(542,39): warning C4244: 'argumento': conversión de 'double' a 'float'; posible pérdida de datos
C:\Users\ASUS\OneDrive\Escritorio\Proyecto Compu Grafica\Proyecto-Computacion-Grafica-Equipo-5\Proyecto_Final\20242.cpp(542,30): warning C4244: 'argumento': conversión de 'double' a 'float'; posible pérdida de datos
C:\Users\ASUS\OneDrive\Escritorio\Proyecto Compu Grafica\Proyecto-Computacion-Grafica-Equipo-5\Proyecto_Final\20242.cpp(547,28): warning C4244: 'argumento': conversión de 'double' a 'float'; posible pérdida de datos
  glad.c
LINK : warning LNK4098: la biblioteca predeterminada'MSVCRT' entra en conflicto con otras bibliotecas; use la biblioteca /NODEFAULTLIB:biblioteca
  Proyecto_Final.vcxproj -> C:\Users\ASUS\OneDrive\Escritorio\Proyecto Compu Grafica\Proyecto-Computacion-Grafica-Equipo-5\x64\Debug\Proyecto_Final.exe
