C:\Program Files\Microsoft Visual Studio\2022\Community\MSBuild\Microsoft\VC\v170\Microsoft.CppBuild.targets(531,5): warning MSB8028: El directorio intermedio (x64\Debug\) contiene archivos compartidos de otro proyecto (Proyecto_Final.vcxproj). Esto puede dar lugar a un comportamiento incorrecto de limpieza y recompilación.
  Proyecto.cpp
C:\Users\ASUS\OneDrive\Escritorio\Proyecto Compu Grafica\Proyecto-Computacion-Grafica-Equipo-5\Proyecto Final\Proyecto Final\include\shader_m.h(44,40): warning C4101: 'e': variable local sin referencia
  (compilando archivo de origen "Proyecto.cpp")
  
C:\Users\ASUS\OneDrive\Escritorio\Proyecto Compu Grafica\Proyecto-Computacion-Grafica-Equipo-5\Proyecto Final\Proyecto Final\include\mesh.h(88,50): warning C4267: 'argumento': conversión de 'size_t' a 'GLsizei'; posible pérdida de datos
  (compilando archivo de origen "Proyecto.cpp")
  
C:\Users\ASUS\OneDrive\Escritorio\Proyecto Compu Grafica\Proyecto-Computacion-Grafica-Equipo-5\Proyecto Final\Proyecto Final\include\meshAnim.h(116,50): warning C4267: 'argumento': conversión de 'size_t' a 'GLsizei'; posible pérdida de datos
  (compilando archivo de origen "Proyecto.cpp")
  
C:\Users\ASUS\OneDrive\Escritorio\Proyecto Compu Grafica\Proyecto-Computacion-Grafica-Equipo-5\Proyecto Final\Proyecto Final\include\modelAnim.h(104,44): warning C4244: '=': conversión de 'double' a 'float'; posible pérdida de datos
  (compilando archivo de origen "Proyecto.cpp")
  
C:\Users\ASUS\OneDrive\Escritorio\Proyecto Compu Grafica\Proyecto-Computacion-Grafica-Equipo-5\Proyecto Final\Proyecto Final\include\modelAnim.h(520,24): warning C4244: 'inicializando': conversión de 'double' a 'float'; posible pérdida de datos
  (compilando archivo de origen "Proyecto.cpp")
  
C:\Users\ASUS\OneDrive\Escritorio\Proyecto Compu Grafica\Proyecto-Computacion-Grafica-Equipo-5\Proyecto Final\Proyecto Final\Proyecto.cpp(305,27): warning C4244: '=': conversión de 'Uint64' a 'double'; posible pérdida de datos
C:\Users\ASUS\OneDrive\Escritorio\Proyecto Compu Grafica\Proyecto-Computacion-Grafica-Equipo-5\Proyecto Final\Proyecto Final\Proyecto.cpp(532,11): warning C4244: '=': conversión de 'double' a 'GLfloat'; posible pérdida de datos
C:\Users\ASUS\OneDrive\Escritorio\Proyecto Compu Grafica\Proyecto-Computacion-Grafica-Equipo-5\Proyecto Final\Proyecto Final\Proyecto.cpp(533,11): warning C4244: '=': conversión de 'double' a 'GLfloat'; posible pérdida de datos
C:\Users\ASUS\OneDrive\Escritorio\Proyecto Compu Grafica\Proyecto-Computacion-Grafica-Equipo-5\Proyecto Final\Proyecto Final\Proyecto.cpp(540,10): warning C4244: '=': conversión de 'double' a 'GLfloat'; posible pérdida de datos
C:\Users\ASUS\OneDrive\Escritorio\Proyecto Compu Grafica\Proyecto-Computacion-Grafica-Equipo-5\Proyecto Final\Proyecto Final\Proyecto.cpp(541,10): warning C4244: '=': conversión de 'double' a 'GLfloat'; posible pérdida de datos
C:\Users\ASUS\OneDrive\Escritorio\Proyecto Compu Grafica\Proyecto-Computacion-Grafica-Equipo-5\Proyecto Final\Proyecto Final\Proyecto.cpp(543,39): warning C4244: 'argumento': conversión de 'double' a 'float'; posible pérdida de datos
C:\Users\ASUS\OneDrive\Escritorio\Proyecto Compu Grafica\Proyecto-Computacion-Grafica-Equipo-5\Proyecto Final\Proyecto Final\Proyecto.cpp(543,30): warning C4244: 'argumento': conversión de 'double' a 'float'; posible pérdida de datos
C:\Users\ASUS\OneDrive\Escritorio\Proyecto Compu Grafica\Proyecto-Computacion-Grafica-Equipo-5\Proyecto Final\Proyecto Final\Proyecto.cpp(548,28): warning C4244: 'argumento': conversión de 'double' a 'float'; posible pérdida de datos
LINK : warning LNK4098: la biblioteca predeterminada'MSVCRT' entra en conflicto con otras bibliotecas; use la biblioteca /NODEFAULTLIB:biblioteca
  Proyecto Final.vcxproj -> C:\Users\ASUS\OneDrive\Escritorio\Proyecto Compu Grafica\Proyecto-Computacion-Grafica-Equipo-5\Proyecto Final\x64\Debug\Proyecto Final.exe
