  20242.cpp
C:\Users\lulas\OneDrive\Documentos\Visual Studio 2022\CGIH_Castro\CGIH_Castro\include\shader_m.h(44,40): warning C4101: 'e': variable local sin referencia
  (compilando archivo de origen "20242.cpp")
  
C:\Users\lulas\OneDrive\Documentos\Visual Studio 2022\CGIH_Castro\CGIH_Castro\include\mesh.h(88,50): warning C4267: 'argumento': conversión de 'size_t' a 'GLsizei'; posible pérdida de datos
  (compilando archivo de origen "20242.cpp")
  
C:\Users\lulas\OneDrive\Documentos\Visual Studio 2022\CGIH_Castro\CGIH_Castro\include\meshAnim.h(116,50): warning C4267: 'argumento': conversión de 'size_t' a 'GLsizei'; posible pérdida de datos
  (compilando archivo de origen "20242.cpp")
  
C:\Users\lulas\OneDrive\Documentos\Visual Studio 2022\CGIH_Castro\CGIH_Castro\include\modelAnim.h(104,44): warning C4244: '=': conversión de 'double' a 'float'; posible pérdida de datos
  (compilando archivo de origen "20242.cpp")
  
C:\Users\lulas\OneDrive\Documentos\Visual Studio 2022\CGIH_Castro\CGIH_Castro\include\modelAnim.h(520,24): warning C4244: 'inicializando': conversión de 'double' a 'float'; posible pérdida de datos
  (compilando archivo de origen "20242.cpp")
  
C:\Users\lulas\OneDrive\Documentos\Visual Studio 2022\CGIH_Castro\CGIH_Castro\20242.cpp(329,28): warning C4305: 'inicializando': truncamiento de 'double' a 'GLfloat'
C:\Users\lulas\OneDrive\Documentos\Visual Studio 2022\CGIH_Castro\CGIH_Castro\20242.cpp(509,27): warning C4244: '=': conversión de 'Uint64' a 'double'; posible pérdida de datos
C:\Users\lulas\OneDrive\Documentos\Visual Studio 2022\CGIH_Castro\CGIH_Castro\20242.cpp(957,11): warning C4244: '=': conversión de 'double' a 'GLfloat'; posible pérdida de datos
C:\Users\lulas\OneDrive\Documentos\Visual Studio 2022\CGIH_Castro\CGIH_Castro\20242.cpp(958,11): warning C4244: '=': conversión de 'double' a 'GLfloat'; posible pérdida de datos
C:\Users\lulas\OneDrive\Documentos\Visual Studio 2022\CGIH_Castro\CGIH_Castro\20242.cpp(965,10): warning C4244: '=': conversión de 'double' a 'GLfloat'; posible pérdida de datos
C:\Users\lulas\OneDrive\Documentos\Visual Studio 2022\CGIH_Castro\CGIH_Castro\20242.cpp(966,10): warning C4244: '=': conversión de 'double' a 'GLfloat'; posible pérdida de datos
C:\Users\lulas\OneDrive\Documentos\Visual Studio 2022\CGIH_Castro\CGIH_Castro\20242.cpp(968,39): warning C4244: 'argumento': conversión de 'double' a 'float'; posible pérdida de datos
C:\Users\lulas\OneDrive\Documentos\Visual Studio 2022\CGIH_Castro\CGIH_Castro\20242.cpp(968,30): warning C4244: 'argumento': conversión de 'double' a 'float'; posible pérdida de datos
C:\Users\lulas\OneDrive\Documentos\Visual Studio 2022\CGIH_Castro\CGIH_Castro\20242.cpp(973,28): warning C4244: 'argumento': conversión de 'double' a 'float'; posible pérdida de datos
LINK : warning LNK4098: la biblioteca predeterminada'MSVCRT' entra en conflicto con otras bibliotecas; use la biblioteca /NODEFAULTLIB:biblioteca
  CGIH_Castro.vcxproj -> C:\Users\lulas\OneDrive\Documentos\Visual Studio 2022\CGIH_Castro\x64\Debug\CGIH_Castro.exe
